<?xml version="1.0" encoding="UTF-8"?>
<testsuite name="AppCardDeliveryTest" tests="1" skipped="0" failures="0" errors="0" timestamp="2023-01-18T19:02:20" hostname="ANDREY" time="17.479">
  <properties/>
  <testcase name="shouldTestForm()" classname="AppCardDeliveryTest" time="17.479"/>
  <system-out><![CDATA[]]></system-out>
  <system-err><![CDATA[SLF4J: Failed to load class "org.slf4j.impl.StaticLoggerBinder".
SLF4J: Defaulting to no-operation (NOP) logger implementation
SLF4J: See http://www.slf4j.org/codes.html#StaticLoggerBinder for further details.
Starting ChromeDriver 109.0.5414.74 (e7c5703604daa9cc128ccf5a5d3e993513758913-refs/branch-heads/5414@{#1172}) on port 47660
Only local connections are allowed.
Please see https://chromedriver.chromium.org/security-considerations for suggestions on keeping ChromeDriver safe.
ChromeDriver was started successfully.
янв. 18, 2023 10:02:25 PM org.openqa.selenium.remote.ProtocolHandshake createSession
INFO: Detected dialect: W3C
]]></system-err>
</testsuite>
